2018-07-17 05:01:16 [::1][2][kolkjjcc1aocpcolhh445u5r7j][error][yii\web\HttpException:403] yii\web\ForbiddenHttpException: You are not allowed to perform this action. in C:\xampp\htdocs\homework\Final-Homework\vendor\yiisoft\yii2\filters\AccessControl.php:154
Stack trace:
#0 C:\xampp\htdocs\homework\Final-Homework\vendor\yiisoft\yii2\filters\AccessControl.php(137): yii\filters\AccessControl->denyAccess(Object(yii\web\User))
#1 C:\xampp\htdocs\homework\Final-Homework\vendor\yiisoft\yii2\base\ActionFilter.php(75): yii\filters\AccessControl->beforeAction(Object(yii\base\InlineAction))
#2 [internal function]: yii\base\ActionFilter->beforeFilter(Object(yii\base\ActionEvent))
#3 C:\xampp\htdocs\homework\Final-Homework\vendor\yiisoft\yii2\base\Component.php(545): call_user_func(Array, Object(yii\base\ActionEvent))
#4 C:\xampp\htdocs\homework\Final-Homework\vendor\yiisoft\yii2\base\Controller.php(272): yii\base\Component->trigger('beforeAction', Object(yii\base\ActionEvent))
#5 C:\xampp\htdocs\homework\Final-Homework\vendor\yiisoft\yii2\web\Controller.php(164): yii\base\Controller->beforeAction(Object(yii\base\InlineAction))
#6 C:\xampp\htdocs\homework\Final-Homework\vendor\yiisoft\yii2\base\Controller.php(154): yii\web\Controller->beforeAction(Object(yii\base\InlineAction))
#7 C:\xampp\htdocs\homework\Final-Homework\vendor\yiisoft\yii2\base\Module.php(523): yii\base\Controller->runAction('signup', Array)
#8 C:\xampp\htdocs\homework\Final-Homework\vendor\yiisoft\yii2\web\Application.php(102): yii\base\Module->runAction('site/signup', Array)
#9 C:\xampp\htdocs\homework\Final-Homework\vendor\yiisoft\yii2\base\Application.php(380): yii\web\Application->handleRequest(Object(yii\web\Request))
#10 C:\xampp\htdocs\homework\Final-Homework\frontend\web\index.php(17): yii\base\Application->run()
#11 {main}
2018-07-17 05:01:15 [::1][2][kolkjjcc1aocpcolhh445u5r7j][info][application] $_GET = [
    'r' => 'site/signup'
]

$_COOKIE = [
    'advanced-backend' => 'tabhjdiio3lj4tsf4mkgpl6lsl'
    'SL_G_WPT_TO' => 'zh'
    'SL_GWPT_Show_Hide_tmp' => 'undefined'
    'SL_wptGlobTipTmp' => 'undefined'
    '_csrf-backend' => '04f185271123b9dfbce662a64300145bc95a7a0493c88855b02550aacbd0ce89a:2:{i:0;s:13:\"_csrf-backend\";i:1;s:32:\"ç)°NÔÍÖ:£êÓk’ËE×óÒg$ë¯¥	8õx3\";}'
    '_csrf-frontend' => 'd9581fe7631d7233c066375cb15b87afe84fda66ef1830d8defd308d1d5ae94aa:2:{i:0;s:14:\"_csrf-frontend\";i:1;s:32:\"PFj|ÐôùÕþ!K!“‰&’ò=ˆ“F9€eå‘ÙEý#\";}'
    'advanced-frontend' => 'kolkjjcc1aocpcolhh445u5r7j'
]

$_SESSION = [
    '__flash' => []
    '__id' => 2
]

$_SERVER = [
    'MIBDIRS' => 'C:/xampp/php/extras/mibs'
    'MYSQL_HOME' => '\\xampp\\mysql\\bin'
    'OPENSSL_CONF' => 'C:/xampp/apache/bin/openssl.cnf'
    'PHP_PEAR_SYSCONF_DIR' => '\\xampp\\php'
    'PHPRC' => '\\xampp\\php'
    'TMP' => '\\xampp\\tmp'
    'HTTP_HOST' => 'localhost'
    'HTTP_CONNECTION' => 'keep-alive'
    'HTTP_UPGRADE_INSECURE_REQUESTS' => '1'
    'HTTP_USER_AGENT' => 'Mozilla/5.0 (Windows NT 10.0; Win64; x64) AppleWebKit/537.36 (KHTML, like Gecko) Chrome/67.0.3396.99 Safari/537.36'
    'HTTP_ACCEPT' => 'text/html,application/xhtml+xml,application/xml;q=0.9,image/webp,image/apng,*/*;q=0.8'
    'HTTP_REFERER' => 'http://localhost/homework/Final-Homework/frontend/web/index.php?r=site%2Flogin'
    'HTTP_ACCEPT_ENCODING' => 'gzip, deflate, br'
    'HTTP_ACCEPT_LANGUAGE' => 'zh-CN,zh;q=0.9'
    'HTTP_COOKIE' => 'advanced-backend=tabhjdiio3lj4tsf4mkgpl6lsl; SL_G_WPT_TO=zh; SL_GWPT_Show_Hide_tmp=undefined; SL_wptGlobTipTmp=undefined; _csrf-backend=04f185271123b9dfbce662a64300145bc95a7a0493c88855b02550aacbd0ce89a%3A2%3A%7Bi%3A0%3Bs%3A13%3A%22_csrf-backend%22%3Bi%3A1%3Bs%3A32%3A%22%E7%29%B0%0CN%D4%CD%D6%3A%A3%EA%D3k%92%CBE%D7%F3%D2g%24%EB%AF%A5%098%F5%13x%023%02%22%3B%7D; _csrf-frontend=d9581fe7631d7233c066375cb15b87afe84fda66ef1830d8defd308d1d5ae94aa%3A2%3A%7Bi%3A0%3Bs%3A14%3A%22_csrf-frontend%22%3Bi%3A1%3Bs%3A32%3A%22PFj%7C%D0%F4%F9%D5%FE%21K%21%93%89%26%92%F2%3D%88%93F9%80e%18%E5%91%D9%1DE%FD%23%22%3B%7D; advanced-frontend=kolkjjcc1aocpcolhh445u5r7j'
    'PATH' => 'C:\\Windows\\system32;C:\\Windows;C:\\Windows\\System32\\Wbem;C:\\Windows\\System32\\WindowsPowerShell\\v1.0\\;C:\\Windows\\System32\\OpenSSH\\;C:\\Program Files (x86)\\Git\\cmd;C:\\Program Files\\Intel\\WiFi\\bin\\;C:\\Program Files\\Common Files\\Intel\\WirelessCommon\\;C:\\Program Files\\nodejs\\;C:\\Users\\PAI\\AppData\\Local\\Programs\\Python\\Python37-32;C:\\Users\\PAI\\AppData\\Local\\Programs\\Python\\Python37-32\\Scripts;C:\\Program Files\\PuTTY\\;C:\\Program Files (x86)\\Windows Kits\\10\\Windows Performance Toolkit\\;C:\\xampp\\php;C:\\xampp\\php\\ext;C:\\Users\\PAI\\AppData\\Local\\Microsoft\\WindowsApps;C:\\Program Files\\Microsoft VS Code\\bin;C:\\Program Files\\Intel\\WiFi\\bin\\;C:\\Program Files\\Common Files\\Intel\\WirelessCommon\\;C:\\Program Files\\Bandizip\\;C:\\Users\\PAI\\AppData\\Roaming\\npm;C:\\texlive\\2018\\bin\\win32;C:\\Users\\PAI\\AppData\\Local\\Programs\\Python\\Python37-32;'
    'SystemRoot' => 'C:\\Windows'
    'COMSPEC' => 'C:\\Windows\\system32\\cmd.exe'
    'PATHEXT' => '.COM;.EXE;.BAT;.CMD;.VBS;.VBE;.JS;.JSE;.WSF;.WSH;.MSC'
    'WINDIR' => 'C:\\Windows'
    'SERVER_SIGNATURE' => '<address>Apache/2.4.29 (Win32) OpenSSL/1.0.2n PHP/7.1.15 Server at localhost Port 80</address>
'
    'SERVER_SOFTWARE' => 'Apache/2.4.29 (Win32) OpenSSL/1.0.2n PHP/7.1.15'
    'SERVER_NAME' => 'localhost'
    'SERVER_ADDR' => '::1'
    'SERVER_PORT' => '80'
    'REMOTE_ADDR' => '::1'
    'DOCUMENT_ROOT' => 'C:/xampp/htdocs'
    'REQUEST_SCHEME' => 'http'
    'CONTEXT_PREFIX' => ''
    'CONTEXT_DOCUMENT_ROOT' => 'C:/xampp/htdocs'
    'SERVER_ADMIN' => 'postmaster@localhost'
    'SCRIPT_FILENAME' => 'C:/xampp/htdocs/homework/Final-Homework/frontend/web/index.php'
    'REMOTE_PORT' => '6135'
    'GATEWAY_INTERFACE' => 'CGI/1.1'
    'SERVER_PROTOCOL' => 'HTTP/1.1'
    'REQUEST_METHOD' => 'GET'
    'QUERY_STRING' => 'r=site%2Fsignup'
    'REQUEST_URI' => '/homework/Final-Homework/frontend/web/index.php?r=site%2Fsignup'
    'SCRIPT_NAME' => '/homework/Final-Homework/frontend/web/index.php'
    'PHP_SELF' => '/homework/Final-Homework/frontend/web/index.php'
    'REQUEST_TIME_FLOAT' => 1531796475.884
    'REQUEST_TIME' => 1531796475
]
